<?xml version="1.0" encoding="UTF-8"?>
<!-- Generated by org.testng.reporters.JUnitXMLReporter -->
<testsuite ignored="0" hostname="DESKTOP-NGQSQUV" failures="0" tests="4" name="Default test" time="6.732" errors="0" timestamp="2022-07-22T19:13:11 IST">
  <testcase classname="com.playwright.tests.LoginTest" name="verifyPageTitle" time="0.067"/>
  <testcase classname="com.playwright.tests.LoginTest" name="loginIntoTheApplication" time="0.578"/>
  <testcase classname="com.playwright.tests.LoginTest" name="verifyProductsName" time="0.064"/>
  <testcase classname="com.playwright.tests.LoginTest" name="logoutFromApplication" time="0.994"/>
</testsuite> <!-- Default test -->
