<?xml version="1.0" encoding="UTF-8"?>
<testng-results ignored="0" total="4" passed="4" failed="0" skipped="0">
  <reporter-output>
  </reporter-output>
  <suite started-at="2022-07-22T19:13:04 IST" name="Default suite" finished-at="2022-07-22T19:13:10 IST" duration-ms="6732">
    <groups>
    </groups>
    <test started-at="2022-07-22T19:13:04 IST" name="Default test" finished-at="2022-07-22T19:13:10 IST" duration-ms="6732">
      <class name="com.playwright.tests.LoginTest">
        <test-method is-config="true" signature="setUp()[pri:0, instance:com.playwright.tests.LoginTest@55a147cc]" started-at="2022-07-22T19:13:04 IST" name="setUp" finished-at="2022-07-22T19:13:05 IST" duration-ms="1648" status="PASS">
          <reporter-output>
          </reporter-output>
        </test-method> <!-- setUp -->
        <test-method signature="verifyPageTitle()[pri:1, instance:com.playwright.tests.LoginTest@55a147cc]" started-at="2022-07-22T19:13:05 IST" name="verifyPageTitle" finished-at="2022-07-22T19:13:05 IST" duration-ms="67" status="PASS">
          <reporter-output>
          </reporter-output>
        </test-method> <!-- verifyPageTitle -->
        <test-method signature="loginIntoTheApplication()[pri:2, instance:com.playwright.tests.LoginTest@55a147cc]" started-at="2022-07-22T19:13:06 IST" name="loginIntoTheApplication" finished-at="2022-07-22T19:13:06 IST" duration-ms="578" status="PASS">
          <reporter-output>
          </reporter-output>
        </test-method> <!-- loginIntoTheApplication -->
        <test-method signature="verifyProductsName()[pri:3, instance:com.playwright.tests.LoginTest@55a147cc]" started-at="2022-07-22T19:13:06 IST" name="verifyProductsName" finished-at="2022-07-22T19:13:06 IST" duration-ms="64" status="PASS">
          <reporter-output>
          </reporter-output>
        </test-method> <!-- verifyProductsName -->
        <test-method signature="logoutFromApplication()[pri:4, instance:com.playwright.tests.LoginTest@55a147cc]" started-at="2022-07-22T19:13:06 IST" name="logoutFromApplication" finished-at="2022-07-22T19:13:07 IST" duration-ms="994" status="PASS">
          <reporter-output>
          </reporter-output>
        </test-method> <!-- logoutFromApplication -->
        <test-method is-config="true" signature="closeBrowser()[pri:0, instance:com.playwright.tests.LoginTest@55a147cc]" started-at="2022-07-22T19:13:07 IST" name="closeBrowser" finished-at="2022-07-22T19:13:10 IST" duration-ms="3121" status="PASS">
          <reporter-output>
          </reporter-output>
        </test-method> <!-- closeBrowser -->
      </class> <!-- com.playwright.tests.LoginTest -->
    </test> <!-- Default test -->
  </suite> <!-- Default suite -->
</testng-results>
